<?xml version="1.0" encoding="UTF-8"?>
<!-- Generated by org.testng.reporters.JUnitReportReporter -->
<testsuite hostname="LAPTOP-57KCRB7N" failures="0" tests="3" name="practice.DemoTest" time="0.016" errors="0" timestamp="2026-03-12T08:53:06 IST" skipped="0">
  <testcase classname="practice.DemoTest" name="logIn" time="0.010"/>
  <testcase classname="practice.DemoTest" name="addEmployee" time="0.003"/>
  <testcase classname="practice.DemoTest" name="logOut" time="0.003"/>
</testsuite> <!-- practice.DemoTest -->
