<?xml version="1.0" encoding="UTF-8"?>
<!-- Generated by org.testng.reporters.JUnitReportReporter -->
<testsuite hostname="LAPTOP-57KCRB7N" failures="0" tests="3" name="genericUtility.CrossBrowserBaseClass" time="0.017" errors="0" timestamp="2026-03-13T09:28:25 IST" skipped="0">
  <testcase classname="genericUtility.CrossBrowserBaseClass" name="beforeMethod" time="0.002">
    <system-out>
      <![CDATA[--Executing AddToCartTest Class Methods--]]>
    </system-out>
  </testcase> <!-- beforeMethod -->
  <testcase classname="genericUtility.CrossBrowserBaseClass" name="beforeMethod" time="0.004">
    <system-out>
      <![CDATA[--Executing AddToCartTest Class Methods--]]>
    </system-out>
  </testcase> <!-- beforeMethod -->
  <testcase classname="genericUtility.CrossBrowserBaseClass" name="beforeMethod" time="0.011">
    <system-out>
      <![CDATA[--Executing AddToCartTest Class Methods--]]>
    </system-out>
  </testcase> <!-- beforeMethod -->
  <system-out>
    <![CDATA[--Executing Suite and Connecting to DataBase--
--Executing System TestCase--
--Executing System TestCase--
--Executing System TestCase--
--Executing AddToCartTest Class--
--Executing AddToCartTest Class--
--Executing AddToCartTest Class--
--Executing AddToCartTest Class Methods--
--Executing AddToCartTest Class Methods--
--Execution of AddToCartTest Class Methods Completed--
--Execution of AddToCartTest Class Completed--
--Execution System TestCase Completed--
--Executing AddToCartTest Class Methods--
--Executing AddToCartTest Class Methods--
--Execution of AddToCartTest Class Methods Completed--
--Execution of AddToCartTest Class Completed--
--Execution System TestCase Completed--
--Executing AddToCartTest Class Methods--
--Executing AddToCartTest Class Methods--
--Execution of AddToCartTest Class Methods Completed--
--Execution of AddToCartTest Class Completed--
--Execution System TestCase Completed--
--Execution of Suite is completed and disconnected the DB--]]>
  </system-out>
</testsuite> <!-- genericUtility.CrossBrowserBaseClass -->
