<?xml version="1.0" encoding="UTF-8"?>
<testng-results ignored="0" total="1" passed="1" failed="0" skipped="0">
  <reporter-output>
  </reporter-output>
  <suite started-at="2026-03-25T14:19:33 IST" name="Default suite" finished-at="2026-03-25T14:19:50 IST" duration-ms="17008">
    <groups>
    </groups>
    <test started-at="2026-03-25T14:19:33 IST" name="Default test" finished-at="2026-03-25T14:19:50 IST" duration-ms="17008">
      <class name="Demo.CaptureScreenshot">
        <test-method signature="screenShot()[pri:0, instance:Demo.CaptureScreenshot@708f5957]" started-at="2026-03-25T14:19:33 IST" name="screenShot" finished-at="2026-03-25T14:19:50 IST" duration-ms="16948" status="PASS">
          <reporter-output>
          </reporter-output>
        </test-method> <!-- screenShot -->
      </class> <!-- Demo.CaptureScreenshot -->
    </test> <!-- Default test -->
  </suite> <!-- Default suite -->
</testng-results>
