<?xml version="1.0" encoding="UTF-8"?>
<!-- Generated by org.testng.reporters.JUnitReportReporter -->
<testsuite hostname="LAPTOP-57KCRB7N" failures="0" tests="1" name="com.orangehrm.seleniumuiframework.recruitment.CreateVacancyTest" time="47.989" errors="0" timestamp="2026-03-25T09:00:48 IST" skipped="0">
  <testcase classname="com.orangehrm.seleniumuiframework.recruitment.CreateVacancyTest" name="addVacancy" time="47.989"/>
  <system-out>
    <![CDATA[--Executing BeforeSuite--
Executing BeforeTest
--Launching the Browser--
--Navigating to the application and logging in--
Logging out
Executing AfterClass
Executing AfterTest
Executing AfterSuite]]>
  </system-out>
</testsuite> <!-- com.orangehrm.seleniumuiframework.recruitment.CreateVacancyTest -->
