<?xml version="1.0" encoding="UTF-8"?>
<!-- Generated by org.testng.reporters.JUnitReportReporter -->
<testsuite hostname="LAPTOP-57KCRB7N" failures="0" tests="1" name="Demo.PracticeBaseClass" time="45.529" errors="0" timestamp="2026-03-24T09:31:24 IST" skipped="0">
  <testcase classname="Demo.PracticeBaseClass" name="testMethod" time="45.529"/>
  <system-out>
    <![CDATA[--Executing BeforeSuite--
Executing BeforeTest
--Launching the Browser--
--Navigating to the application and logging in--
Logging out
Executing AfterClass
Executing AfterTest
Executing AfterSuite]]>
  </system-out>
</testsuite> <!-- Demo.PracticeBaseClass -->
